{"content": {"suites": {"0": {"status": {"total_pass": 4, "total_skip": 0, "total_xpass": 0, "total_xfail": 0, "total_rerun": 0, "total_fail": 2, "total_error": 0}, "tests": {"0": {"status": "PASS", "message": "", "test_name": "test_user_is_on_the_check_box_section", "rerun": "0"}, "1": {"status": "PASS", "message": "", "test_name": "test_clicking_on_checkbox_home", "rerun": "0"}, "2": {"status": "FAIL", "message": "           AssertionError: The checkbox lists doesn't match with testdata, check test data and data on the website\n           assert [] == ['home', 'des...rkspace', ...]\n             Right contains 17 more items, first extra item: 'home'\n             Full diff:\n               [\n             +  ,\n             -  'home',\n             -  'desktop',\n             -  'notes',...\n             \n             ...Full output truncated (16 lines hidden), use '-vv' to show\n", "test_name": "test_appearing_additional_info_after_checking_inbox", "rerun": "0"}, "3": {"status": "PASS", "message": "", "test_name": "test_plus_button", "rerun": "0"}, "4": {"status": "PASS", "message": "", "test_name": "test_minus_button", "rerun": "0"}, "5": {"status": "FAIL", "message": "       AssertionError: The checkbox list doesn't match with test data, please compare the checkbox list on the webpage and in test data \n       assert [] == ['desktop', '...private', ...]\n         Right contains 11 more items, first extra item: 'desktop'\n         Full diff:\n           [\n         +  ,\n         -  'desktop',\n         -  'notes',\n         -  'commands',...\n         \n         ...Full output truncated (10 lines hidden), use '-vv' to show\n", "test_name": "test_partly_chosen_checkboxes", "rerun": "0"}}, "suite_name": "Tests/tests_ElementsPage/test_ElementsPage.py"}}}, "date": "March 18, 2022", "start_time": 1647595485.612706, "total_suite": 1, "status": "FAIL", "status_list": {"pass": "4", "fail": "2", "skip": "0", "error": "0", "xpass": "0", "xfail": "0", "rerun": "0"}, "total_tests": "6"}